ResponseID 0304_06:37:05.977: Danyang-Kunshan Grand Bridge
(164800 meters)
ResponseID 0306_10:12:23.119: Burj Khalifa
(828 meters)
ResponseID 0306_10:15:20.897: 
(Danyang-Kunshan Grand Bridge) 
ResponseID 0306_10:16:11.441: Why don't some couples go to the gym? Because some relationships don't work out.
ResponseID 0306_10:16:25.978: greetings
ResponseID 0306_06:37:52.906: Why don't programmers like nature? It has too many bugs.
ResponseID 0306_06:38:56.486: 
(Danyang-Kunshan Grand Bridge) 
ResponseID 0306_06:39:19.959: Michelle
ResponseID 0306_06:39:43.841: Sasha
ResponseID 0306_06:39:56.988: Sasha
ResponseID 0306_06:40:30.373: yes
ResponseID 0306_06:40:39.238: no
ResponseID 0306_06:40:47.889: yes
ResponseID 0306_06:42:18.359: yes
ResponseID 0306_06:42:28.278: yes
ResponseID 0308_01:12:19.401: The current time is 14 12
ResponseID 0308_01:14:07.448: Today is March 08, 2017
ResponseID 0308_01:14:21.203: The current time is 14 14
ResponseID 0308_01:15:08.525: Our team name is RT Lions.
ResponseID 0308_01:17:37.550: My name is Leonie.
ResponseID 0308_01:17:55.502: I think the answer is Can't find an answer
ResponseID 0308_01:29:23.751: My name is Leonie.
ResponseID 0308_01:29:56.391: The current time is 14 29
ResponseID 0308_01:34:33.420: My name is Leonie.
ResponseID 0308_01:34:44.440: The current time is 14 34
ResponseID 0308_01:34:52.788: null
ResponseID 0308_01:35:06.802: null
ResponseID 0308_01:37:56.650: previous question
ResponseID 0308_01:38:10.511: My name is Leonie.
ResponseID 0308_01:38:18.157: previous question
ResponseID 0308_01:40:22.663: My name is Leonie.
ResponseID 0308_01:40:31.527: The current time is 14 40
ResponseID 0308_01:40:40.787: what is the last question
ResponseID 0308_01:45:11.646: what is the last question
ResponseID 0308_01:45:34.578: what is the last question
ResponseID 0308_01:45:44.774: My name is Leonie.
ResponseID 0308_01:45:53.614: what is your name
ResponseID 0308_02:22:29.534: The current time is 15 22
ResponseID 0308_02:22:57.203: Today is March 08, 2017
ResponseID 0308_02:23:12.279: Sorry, I can't find an answer
ResponseID 0308_02:23:50.160: Sorry, I can't find an answer
ResponseID 0308_02:24:44.084: Sorry, I can't find an answer
ResponseID 0308_02:25:08.483: My name is Leonie.
ResponseID 0308_02:25:17.068: The current time is 15 25
ResponseID 0308_02:25:29.254: what is the time
ResponseID 0308_02:25:41.173: Our team name is RT Lions.
ResponseID 0308_02:25:57.235: Sorry, I can't find an answer
ResponseID 0308_02:26:22.020: Sorry, I can't find an answer
ResponseID 0308_02:27:53.844: Sorry, I can't find an answer
ResponseID 0308_02:28:13.434: I think the answer is 
(Danyang-Kunshan Grand Bridge) 
ResponseID 0308_02:28:38.793: I think the answer is Berlin, Germany
ResponseID 0308_02:28:56.468: Sorry, I can't find an answer
ResponseID 0308_02:29:19.192: The current time is 15 29
ResponseID 0308_02:29:36.789: what is the time
ResponseID 0308_02:30:38.204: I think the answer is Wednesday
ResponseID 0308_02:31:32.200: Sorry, I can't find an answer
ResponseID 0308_02:31:45.990: I think the answer is 3:31:50 pm CET  |  Wednesday, March 8, 2017
ResponseID 0308_02:36:51.155: Today is Wednesday, March 08, 2017
ResponseID 0308_02:37:55.988: The current time is 03 o'clock PM, Central European Time
ResponseID 0308_02:40:34.237: The current time is 3:40 PM, Central European Time
ResponseID 0308_02:41:23.851: Today is Wednesday, March 08, 2017
ResponseID 0308_02:41:53.026: If you do not pay your exorcist you get repossessed.
ResponseID 0308_02:42:57.854: Our team name is RT Lions.
ResponseID 0308_02:43:20.472: null
ResponseID 0308_02:54:56.686: Currently I have insufficient knowledge to answer your question. Feel free to ask one of my teammates.
ResponseID 0308_02:55:14.239: null
