ResponseID 0213_11:24:58.769: good morning Google how are you feeling today
ResponseID 0213_11:24:58.769: good morning Google how are you feeling it today
ResponseID 0213_11:29:33.074: good morning Google how are you feeling today
ResponseID 0213_11:29:33.074: good morning Google how are you feeling it today


ResponseID 0213_02:34:13.364: good morning Google how are you feeling today
ResponseID 0213_02:34:13.364: good morning Google how are you feeling it today
ResponseID 0213_02:56:29.103: hallo hallo
ResponseID 0213_02:56:29.103: hello hallo
ResponseID 0213_02:57:05.238: how's it going
ResponseID 0213_02:57:05.238: how is it going
ResponseID 0213_02:58:32.053: hello ladies and juniors
ResponseID 0213_02:58:32.053: hello ladies and Junior
ResponseID 0213_03:01:03.739: can you bring me the Apple
ResponseID 0213_03:01:03.739: can you bring me the apples
ResponseID 0213_03:11:46.495: bring me the author
ResponseID 0213_03:11:46.495: bring me the Ripper
ResponseID 0213_03:11:57.043: reme depot
ResponseID 0213_03:11:57.043: bring me the Apple
ResponseID 0213_03:12:52.641: ring me depot
ResponseID 0213_03:12:52.641: ringmead apple
ResponseID 0213_03:13:04.515: bring me the Apple
ResponseID 0213_03:13:04.515: bring me the apples
